========================================
Samsung Cloud Platform v2 Deployment Log
Started: 2025-10-14 13:21:52
========================================

2025-10-14 13:21:52 [SUCCESS] Deployment environment initialized
2025-10-14 13:21:52 [INFO] Master log file: D:\scpv2\advance_backupdr\dr\lab_logs\deployment_20251014_132152.log
2025-10-14 13:21:52 [INFO] Changes tracking initialized: logs.log
2025-10-14 13:21:52 [INFO] 🔍 Scanning for previous deployment attempts...
2025-10-14 13:21:52 [INFO] No previous deployment status markers found
2025-10-14 13:21:54 [INFO] NORMALIZE mode selected - Variables and UserData preparation
2025-10-14 13:21:54 [INFO] Debug mode enabled - verbose output will be shown
2025-10-14 13:21:54 [INFO] 🚀 SAMSUNG CLOUD PLATFORM v2 NORMALIZATION STARTED
2025-10-14 13:21:54 [INFO] Tracked: DEPLOYMENT_START infrastructure
2025-10-14 13:21:54 [INFO] [1/3] Executing variables_manager...
2025-10-14 13:21:54 [INFO] Starting variables_manager (log: D:\scpv2\advance_backupdr\dr\lab_logs\variables_manager_20251014_132154.log)
2025-10-14 13:22:01 [SUCCESS] variables_manager completed successfully in 7.2449286s

=== variables_manager Output ===
Module log file not found: D:\scpv2\advance_backupdr\dr\lab_logs\variables_manager_20251014_132154.log

2025-10-14 13:22:01 [INFO] Tracked: CREATE variables.json
2025-10-14 13:22:01 [INFO] [2/3] Executing userdata_manager...
2025-10-14 13:22:01 [INFO] Starting userdata_manager (log: D:\scpv2\advance_backupdr\dr\lab_logs\userdata_manager_20251014_132201.log)
2025-10-14 13:22:02 [SUCCESS] userdata_manager completed successfully in 0.3849184s

=== userdata_manager Output ===
Module log file not found: D:\scpv2\advance_backupdr\dr\lab_logs\userdata_manager_20251014_132201.log

2025-10-14 13:22:02 [INFO] Tracked: CREATE userdata_files
2025-10-14 13:22:02 [SUCCESS] 🎉 NORMALIZATION COMPLETED SUCCESSFULLY!
2025-10-14 13:22:02 [INFO] 📊 Final Status:
2025-10-14 13:22:02 [INFO]   - Variables: D:\scpv2\advance_backupdr\dr\scripts\variables.json
2025-10-14 13:22:02 [INFO]   - UserData: D:\scpv2\advance_backupdr\dr\scripts\generated_userdata\
2025-10-14 13:22:02 [INFO]   - Lab Logs: D:\scpv2\advance_backupdr\dr\lab_logs\
2025-10-14 13:22:02 [INFO]   - Master Log: D:\scpv2\advance_backupdr\dr\lab_logs\deployment_20251014_132152.log
